# JRE version: OpenJDK Runtime Environment (21.0.8) (build 21.0.8+-14196175-b1038.72)
# Java VM: OpenJDK 64-Bit Server VM (21.0.8+-14196175-b1038.72, mixed mode, tiered, compressed oops, compressed class ptrs, g1 gc, windows-amd64)
GC Precious Log:
 CardTable entry size: 512
 Card Set container configuration: InlinePtr #cards 4 size 8 Array Of Cards #cards 32 size 80 Howl #buckets 8 coarsen threshold 7372 Howl Bitmap #cards 1024 size 144 coarsen threshold 921 Card regions per heap region 1 cards per card region 8192
 CPUs: 4 total, 4 available
 Memory: 3787M
 Large Page Support: Disabled
 NUMA Support: Disabled
 Compressed Oops: Enabled (Zero based)
 Heap Region Size: 4M
 Heap Min Capacity: 8M
 Heap Initial Capacity: 60M
 Heap Max Capacity: 8G
 Pre-touch: Disabled
 Parallel Workers: 4
 Concurrent Workers: 1
 Concurrent Refinement Workers: 4
 Periodic GC: Disabled
Heap:
 garbage-first heap   total 1081344K, used 250956K [0x0000000600000000, 0x0000000800000000)
  region size 4096K, 2 young (8192K), 2 survivors (8192K)
 Metaspace       used 141836K, committed 144192K, reserved 1179648K
  class space    used 19822K, committed 20992K, reserved 1048576K
GC Heap History (20 events):
Event: 112.914 GC heap after
{Heap after GC invocations=80 (full 0):
 garbage-first heap   total 360448K, used 183582K [0x0000000600000000, 0x0000000800000000)
  region size 4096K, 1 young (4096K), 1 survivors (4096K)
 Metaspace       used 140652K, committed 143040K, reserved 1179648K
  class space    used 19710K, committed 20864K, reserved 1048576K
}
Event: 113.374 GC heap before
{Heap before GC invocations=80 (full 0):
 garbage-first heap   total 360448K, used 290078K [0x0000000600000000, 0x0000000800000000)
  region size 4096K, 28 young (114688K), 1 survivors (4096K)
 Metaspace       used 140737K, committed 143104K, reserved 1179648K
  class space    used 19725K, committed 20864K, reserved 1048576K
}
Event: 113.381 GC heap after
{Heap after GC invocations=81 (full 0):
 garbage-first heap   total 360448K, used 188115K [0x0000000600000000, 0x0000000800000000)
  region size 4096K, 2 young (8192K), 2 survivors (8192K)
 Metaspace       used 140737K, committed 143104K, reserved 1179648K
  class space    used 19725K, committed 20864K, reserved 1048576K
}
Event: 114.072 GC heap before
{Heap before GC invocations=81 (full 0):
 garbage-first heap   total 360448K, used 319187K [0x0000000600000000, 0x0000000800000000)
  region size 4096K, 35 young (143360K), 2 survivors (8192K)
 Metaspace       used 140749K, committed 143104K, reserved 1179648K
  class space    used 19725K, committed 20864K, reserved 1048576K
}
Event: 115.198 GC heap after
{Heap after GC invocations=82 (full 0):
 garbage-first heap   total 360448K, used 193369K [0x0000000600000000, 0x0000000800000000)
  region size 4096K, 4 young (16384K), 4 survivors (16384K)
 Metaspace       used 140749K, committed 143104K, reserved 1179648K
  class space    used 19725K, committed 20864K, reserved 1048576K
}
Event: 115.242 GC heap before
{Heap before GC invocations=82 (full 0):
 garbage-first heap   total 360448K, used 197465K [0x0000000600000000, 0x0000000800000000)
  region size 4096K, 5 young (20480K), 4 survivors (16384K)
 Metaspace       used 140749K, committed 143104K, reserved 1179648K
  class space    used 19725K, committed 20864K, reserved 1048576K
}
Event: 115.263 GC heap after
{Heap after GC invocations=83 (full 0):
 garbage-first heap   total 360448K, used 195095K [0x0000000600000000, 0x0000000800000000)
  region size 4096K, 1 young (4096K), 1 survivors (4096K)
 Metaspace       used 140749K, committed 143104K, reserved 1179648K
  class space    used 19725K, committed 20864K, reserved 1048576K
}
Event: 117.942 GC heap before
{Heap before GC invocations=83 (full 0):
 garbage-first heap   total 360448K, used 297495K [0x0000000600000000, 0x0000000800000000)
  region size 4096K, 27 young (110592K), 1 survivors (4096K)
 Metaspace       used 140705K, committed 143168K, reserved 1179648K
  class space    used 19711K, committed 20864K, reserved 1048576K
}
Event: 117.977 GC heap after
{Heap after GC invocations=84 (full 0):
 garbage-first heap   total 360448K, used 200445K [0x0000000600000000, 0x0000000800000000)
  region size 4096K, 2 young (8192K), 2 survivors (8192K)
 Metaspace       used 140705K, committed 143168K, reserved 1179648K
  class space    used 19711K, committed 20864K, reserved 1048576K
}
Event: 118.817 GC heap before
{Heap before GC invocations=84 (full 0):
 garbage-first heap   total 360448K, used 306941K [0x0000000600000000, 0x0000000800000000)
  region size 4096K, 28 young (114688K), 2 survivors (8192K)
 Metaspace       used 140726K, committed 143168K, reserved 1179648K
  class space    used 19712K, committed 20864K, reserved 1048576K
}
Event: 118.853 GC heap after
{Heap after GC invocations=85 (full 0):
 garbage-first heap   total 1081344K, used 205040K [0x0000000600000000, 0x0000000800000000)
  region size 4096K, 3 young (12288K), 3 survivors (12288K)
 Metaspace       used 140726K, committed 143168K, reserved 1179648K
  class space    used 19712K, committed 20864K, reserved 1048576K
}
Event: 119.198 GC heap before
{Heap before GC invocations=86 (full 0):
 garbage-first heap   total 1081344K, used 291056K [0x0000000600000000, 0x0000000800000000)
  region size 4096K, 25 young (102400K), 3 survivors (12288K)
 Metaspace       used 140734K, committed 143168K, reserved 1179648K
  class space    used 19712K, committed 20864K, reserved 1048576K
}
Event: 119.218 GC heap after
{Heap after GC invocations=87 (full 0):
 garbage-first heap   total 1081344K, used 206910K [0x0000000600000000, 0x0000000800000000)
  region size 4096K, 2 young (8192K), 2 survivors (8192K)
 Metaspace       used 140734K, committed 143168K, reserved 1179648K
  class space    used 19712K, committed 20864K, reserved 1048576K
}
Event: 131.098 GC heap before
{Heap before GC invocations=87 (full 0):
 garbage-first heap   total 1081344K, used 841790K [0x0000000600000000, 0x0000000800000000)
  region size 4096K, 158 young (647168K), 2 survivors (8192K)
 Metaspace       used 141805K, committed 144192K, reserved 1179648K
  class space    used 19821K, committed 20992K, reserved 1048576K
}
Event: 136.249 GC heap after
{Heap after GC invocations=88 (full 0):
 garbage-first heap   total 1081344K, used 244933K [0x0000000600000000, 0x0000000800000000)
  region size 4096K, 11 young (45056K), 11 survivors (45056K)
 Metaspace       used 141805K, committed 144192K, reserved 1179648K
  class space    used 19821K, committed 20992K, reserved 1048576K
}
Event: 136.356 GC heap before
{Heap before GC invocations=88 (full 0):
 garbage-first heap   total 1081344K, used 253125K [0x0000000600000000, 0x0000000800000000)
  region size 4096K, 13 young (53248K), 11 survivors (45056K)
 Metaspace       used 141807K, committed 144192K, reserved 1179648K
  class space    used 19821K, committed 20992K, reserved 1048576K
}
Event: 136.498 GC heap after
{Heap after GC invocations=89 (full 0):
 garbage-first heap   total 1081344K, used 250285K [0x0000000600000000, 0x0000000800000000)
  region size 4096K, 2 young (8192K), 2 survivors (8192K)
 Metaspace       used 141807K, committed 144192K, reserved 1179648K
  class space    used 19821K, committed 20992K, reserved 1048576K
}
Event: 137.772 GC heap before
{Heap before GC invocations=89 (full 0):
 garbage-first heap   total 1081344K, used 524717K [0x0000000600000000, 0x0000000800000000)
  region size 4096K, 70 young (286720K), 2 survivors (8192K)
 Metaspace       used 141822K, committed 144192K, reserved 1179648K
  class space    used 19821K, committed 20992K, reserved 1048576K
}
Event: 137.854 GC heap after
{Heap after GC invocations=90 (full 0):
 garbage-first heap   total 1081344K, used 247784K [0x0000000600000000, 0x0000000800000000)
  region size 4096K, 1 young (4096K), 1 survivors (4096K)
 Metaspace       used 141822K, committed 144192K, reserved 1179648K
  class space    used 19821K, committed 20992K, reserved 1048576K
}
Event: 139.657 GC heap before
{Heap before GC invocations=90 (full 0):
 garbage-first heap   total 1081344K, used 702440K [0x0000000600000000, 0x0000000800000000)
  region size 4096K, 112 young (458752K), 1 survivors (4096K)
 Metaspace       used 141836K, committed 144192K, reserved 1179648K
  class space    used 19822K, committed 20992K, reserved 1048576K
}

